<?xml version="1.0" encoding="UTF-8"?>
<!-- Generated by org.testng.reporters.JUnitReportReporter -->
<testsuite hostname="DESKTOP-S75SKH7" failures="0" tests="2" name="Ui.loginTest" time="0.027" errors="0" timestamp="2022-07-01T17:54:32 PKT" skipped="0">
  <testcase classname="Ui.loginTest" name="logoutTest" time="0.002"/>
  <system-out/>
  <testcase classname="Ui.loginTest" name="loginTest" time="0.025"/>
  <system-out/>
</testsuite> <!-- Ui.loginTest -->
